0 info it worked if it ends with ok
1 verbose cli [ '/Users/hjh/.nvm/versions/node/v5.1.0/bin/node',
1 verbose cli   '/Users/hjh/.nvm/versions/node/v5.1.0/bin/npm',
1 verbose cli   'start' ]
2 info using npm@3.3.12
3 info using node@v5.1.0
4 verbose run-script [ 'prestart', 'start', 'poststart' ]
5 info lifecycle sensorium@0.1.1~prestart: sensorium@0.1.1
6 silly lifecycle sensorium@0.1.1~prestart: no script for prestart, continuing
7 info lifecycle sensorium@0.1.1~start: sensorium@0.1.1
8 verbose lifecycle sensorium@0.1.1~start: unsafe-perm in lifecycle true
9 verbose lifecycle sensorium@0.1.1~start: PATH: /Users/hjh/.nvm/versions/node/v5.1.0/lib/node_modules/npm/bin/node-gyp-bin:/Users/hjh/www/repo/sensorium/node_modules/.bin:/Users/hjh/www/repo/phantomjs/1.9.6/bin:/Users/hjh/.nvm/versions/node/v5.1.0/bin:/usr/local/bin:/usr/bin:/bin:/usr/sbin:/sbin
10 verbose lifecycle sensorium@0.1.1~start: CWD: /Users/hjh/www/repo/sensorium
11 silly lifecycle sensorium@0.1.1~start: Args: [ '-c', 'node ./app.js' ]
12 silly lifecycle sensorium@0.1.1~start: Returned: code: 1  signal: null
13 info lifecycle sensorium@0.1.1~start: Failed to exec start script
14 verbose stack Error: sensorium@0.1.1 start: `node ./app.js`
14 verbose stack Exit status 1
14 verbose stack     at EventEmitter.<anonymous> (/Users/hjh/.nvm/versions/node/v5.1.0/lib/node_modules/npm/lib/utils/lifecycle.js:232:16)
14 verbose stack     at emitTwo (events.js:87:13)
14 verbose stack     at EventEmitter.emit (events.js:172:7)
14 verbose stack     at ChildProcess.<anonymous> (/Users/hjh/.nvm/versions/node/v5.1.0/lib/node_modules/npm/lib/utils/spawn.js:24:14)
14 verbose stack     at emitTwo (events.js:87:13)
14 verbose stack     at ChildProcess.emit (events.js:172:7)
14 verbose stack     at maybeClose (internal/child_process.js:818:16)
14 verbose stack     at Process.ChildProcess._handle.onexit (internal/child_process.js:211:5)
15 verbose pkgid sensorium@0.1.1
16 verbose cwd /Users/hjh/www/repo/sensorium
17 error Darwin 15.0.0
18 error argv "/Users/hjh/.nvm/versions/node/v5.1.0/bin/node" "/Users/hjh/.nvm/versions/node/v5.1.0/bin/npm" "start"
19 error node v5.1.0
20 error npm  v3.3.12
21 error code ELIFECYCLE
22 error sensorium@0.1.1 start: `node ./app.js`
22 error Exit status 1
23 error Failed at the sensorium@0.1.1 start script 'node ./app.js'.
23 error Make sure you have the latest version of node.js and npm installed.
23 error If you do, this is most likely a problem with the sensorium package,
23 error not with npm itself.
23 error Tell the author that this fails on your system:
23 error     node ./app.js
23 error You can get their info via:
23 error     npm owner ls sensorium
23 error There is likely additional logging output above.
24 verbose exit [ 1, true ]
